
START - automation started - Tue Oct 16 2018 18:02:33 GMT+0800 (+08)
https://www.google.com.sg - Google

Menu contains fruits. (condition and action in natural language)
Menu contains fruits. (condition in JavaScript, action in natural language)
This is perfect.
Menu contains fruits and no meat.
That is a lot of cupcakes on the table.
Just nice to fit in a box.
snap page
snap page
snap page
snap page
snap page
snap page
Current Product ID is - 2
Current Product ID is - 3
Current Product ID is - 4
Current Product ID is - 5
1
2
3
4
5
1
2
4
5
snap page

https://www.google.com.sg/ - Google
FINISH - automation finished - 3.4s

